<?xml version="1.0" encoding="UTF-8"?>
<!-- Generated by org.testng.reporters.JUnitReportReporter -->
<testsuite hostname="LAPTOP-FG3T3EU0" failures="0" tests="1" name="com.icecrm_aotomation.testingExamples.TestNGExample1" time="0.011" errors="0" timestamp="2023-03-08T15:02:30 IST" skipped="0">
  <testcase classname="com.icecrm_aotomation.testingExamples.TestNGExample1" name="division" time="0.011"/>
  <system-out/>
</testsuite> <!-- com.icecrm_aotomation.testingExamples.TestNGExample1 -->
