<?xml version="1.0" encoding="UTF-8"?>
<!-- Generated by org.testng.reporters.JUnitReportReporter -->
<testsuite hostname="LAPTOP-FG3T3EU0" failures="0" tests="2" name="com.automation.qa.Test2" time="0.011" errors="0" timestamp="2023-03-14T17:25:42 IST" skipped="0">
  <testcase classname="com.automation.qa.Test2" name="Test3" time="0.005"/>
  <system-out/>
  <testcase classname="com.automation.qa.Test2" name="Test4" time="0.006"/>
  <system-out/>
</testsuite> <!-- com.automation.qa.Test2 -->
