<?xml version="1.0" encoding="UTF-8"?>
<!-- Generated by org.testng.reporters.JUnitReportReporter -->
<testsuite hostname="LAPTOP-FG3T3EU0" failures="0" tests="1" name="com.icehrm.automation.login.EmployeeWorkHistory" time="92.803" errors="0" timestamp="2023-04-01T13:24:21 IST" skipped="0">
  <testcase classname="com.icehrm.automation.login.EmployeeWorkHistory" name="addEmplDetails" time="92.803"/>
  <system-out/>
</testsuite> <!-- com.icehrm.automation.login.EmployeeWorkHistory -->
