<?xml version="1.0" encoding="UTF-8"?>
<!-- Generated by org.testng.reporters.JUnitReportReporter -->
<testsuite hostname="LAPTOP-FG3T3EU0" failures="0" tests="3" name="com.iceHRM_Annotation.LogInLogOutTestCase" time="59.578" errors="0" timestamp="2023-03-13T15:35:26 IST" skipped="0">
  <testcase classname="com.iceHRM_Annotation.LogInLogOutTestCase" name="loginLogoutValidUsernameandInvalidPass" time="15.514"/>
  <system-out/>
  <testcase classname="com.iceHRM_Annotation.LogInLogOutTestCase" name="loginLogoutValidUsernameAndPasswordTestCase" time="24.422"/>
  <system-out/>
  <testcase classname="com.iceHRM_Annotation.LogInLogOutTestCase" name="loginLogoutInvalidUsernameandValidPass" time="19.642"/>
  <system-out/>
</testsuite> <!-- com.iceHRM_Annotation.LogInLogOutTestCase -->
