<?xml version="1.0" encoding="UTF-8"?>
<!-- Generated by org.testng.reporters.JUnitReportReporter -->
<testsuite hostname="LAPTOP-FG3T3EU0" failures="0" tests="1" name="com.iceHRM_Annotation.LoginTest" time="206.655" errors="0" timestamp="2023-03-12T19:59:54 IST" skipped="0">
  <testcase classname="com.iceHRM_Annotation.LoginTest" name="Test" time="206.655"/>
  <system-out/>
</testsuite> <!-- com.iceHRM_Annotation.LoginTest -->
