<?xml version="1.0" encoding="UTF-8"?>
<!-- Generated by org.testng.reporters.JUnitReportReporter -->
<testsuite hostname="LAPTOP-FG3T3EU0" failures="0" tests="1" name="com.automation.orangeHRM.NewTest" time="4.545" errors="0" timestamp="2023-03-17T11:21:31 IST" skipped="0">
  <testcase classname="com.automation.orangeHRM.NewTest" name="f" time="4.545"/>
  <system-out/>
</testsuite> <!-- com.automation.orangeHRM.NewTest -->
