<?xml version="1.0" encoding="UTF-8"?>
<!-- Generated by org.testng.reporters.JUnitReportReporter -->
<testsuite hostname="LAPTOP-FG3T3EU0" failures="0" tests="8" name="com.automation.orangehrm.login.orangehrmlogintest" time="0.012" errors="1" timestamp="2023-04-06T14:31:26 IST" skipped="7">
  <testcase classname="com.automation.orangehrm.login.orangehrmlogintest" name="verifyingLogin" time="0.000">
    <skipped/>
  </testcase> <!-- verifyingLogin -->
  <system-out/>
  <testcase classname="com.automation.orangehrm.login.orangehrmlogintest" name="verifyingLogin" time="0.000">
    <skipped/>
  </testcase> <!-- verifyingLogin -->
  <system-out/>
  <testcase classname="com.automation.orangehrm.login.orangehrmlogintest" name="verifyingLogin" time="0.000">
    <skipped/>
  </testcase> <!-- verifyingLogin -->
  <system-out/>
  <testcase classname="com.automation.orangehrm.login.orangehrmlogintest" name="verifyingLogin" time="0.000">
    <skipped/>
  </testcase> <!-- verifyingLogin -->
  <system-out/>
  <testcase classname="com.automation.orangehrm.login.orangehrmlogintest" name="start" time="0.012">
    <error message="Unresolved compilation problem: 
	Cannot switch on a value of type String for source level below 1.7. Only convertible int values or enum variables are permitted
" type="java.lang.Error">
      <![CDATA[java.lang.Error: Unresolved compilation problem: 
Cannot switch on a value of type String for source level below 1.7. Only convertible int values or enum variables are permitted

at com.autamation.utility.BaseClass.launchBrowser(BaseClass.java:24)
at com.automation.orangehrm.login.orangehrmlogintest.start(orangehrmlogintest.java:19)
at java.base/jdk.internal.reflect.DirectMethodHandleAccessor.invoke(DirectMethodHandleAccessor.java:104)
at java.base/java.lang.reflect.Method.invoke(Method.java:577)
at org.testng.internal.MethodInvocationHelper.invokeMethod(MethodInvocationHelper.java:133)
at org.testng.internal.MethodInvocationHelper.invokeMethodConsideringTimeout(MethodInvocationHelper.java:62)
at org.testng.internal.ConfigInvoker.invokeConfigurationMethod(ConfigInvoker.java:385)
at org.testng.internal.ConfigInvoker.invokeConfigurations(ConfigInvoker.java:321)
at org.testng.internal.TestMethodWorker.invokeBeforeClassMethods(TestMethodWorker.java:176)
at org.testng.internal.TestMethodWorker.run(TestMethodWorker.java:122)
at java.base/java.util.ArrayList.forEach(ArrayList.java:1511)
at org.testng.TestRunner.privateRun(TestRunner.java:794)
at org.testng.TestRunner.run(TestRunner.java:596)
at org.testng.SuiteRunner.runTest(SuiteRunner.java:377)
at org.testng.SuiteRunner.runSequentially(SuiteRunner.java:371)
at org.testng.SuiteRunner.privateRun(SuiteRunner.java:332)
at org.testng.SuiteRunner.run(SuiteRunner.java:276)
at org.testng.SuiteRunnerWorker.runSuite(SuiteRunnerWorker.java:53)
at org.testng.SuiteRunnerWorker.run(SuiteRunnerWorker.java:96)
at org.testng.TestNG.runSuitesSequentially(TestNG.java:1212)
at org.testng.TestNG.runSuitesLocally(TestNG.java:1134)
at org.testng.TestNG.runSuites(TestNG.java:1063)
at org.testng.TestNG.run(TestNG.java:1031)
at org.testng.remote.AbstractRemoteTestNG.run(AbstractRemoteTestNG.java:115)
at org.testng.remote.RemoteTestNG.initAndRun(RemoteTestNG.java:251)
at org.testng.remote.RemoteTestNG.main(RemoteTestNG.java:77)
]]>
    </error>
  </testcase> <!-- start -->
  <system-out/>
  <testcase classname="com.automation.orangehrm.login.orangehrmlogintest" name="verifyingLogin" time="0.000">
    <skipped/>
  </testcase> <!-- verifyingLogin -->
  <system-out/>
  <testcase classname="com.automation.orangehrm.login.orangehrmlogintest" name="verifyingLogin" time="0.000">
    <skipped/>
  </testcase> <!-- verifyingLogin -->
  <system-out/>
  <testcase classname="com.automation.orangehrm.login.orangehrmlogintest" name="verifyingLogin" time="0.000">
    <skipped/>
  </testcase> <!-- verifyingLogin -->
  <system-out/>
</testsuite> <!-- com.automation.orangehrm.login.orangehrmlogintest -->
