<?xml version="1.0" encoding="UTF-8"?>
<!-- Generated by org.testng.reporters.JUnitReportReporter -->
<testsuite hostname="LAPTOP-FG3T3EU0" failures="0" tests="2" name="com.practice.Practice" time="0.021" errors="0" timestamp="2023-03-31T12:56:35 IST" skipped="0">
  <testcase classname="com.practice.Practice" name="verifyMoth" time="0.010"/>
  <system-out/>
  <testcase classname="com.practice.Practice" name="verifyMethood" time="0.011"/>
  <system-out/>
</testsuite> <!-- com.practice.Practice -->
