<?xml version="1.0" encoding="UTF-8"?>
<!-- Generated by org.testng.reporters.JUnitReportReporter -->
<testsuite hostname="LAPTOP-FG3T3EU0" failures="0" tests="1" name="com.automation.demopractice.NewTest1" time="0.019" errors="0" timestamp="2023-03-15T22:56:08 IST" skipped="0">
  <testcase classname="com.automation.demopractice.NewTest1" name="test" time="0.019"/>
  <system-out/>
</testsuite> <!-- com.automation.demopractice.NewTest1 -->
