<?xml version="1.0" encoding="UTF-8"?>
<!-- Generated by org.testng.reporters.JUnitReportReporter -->
<testsuite hostname="LAPTOP-FG3T3EU0" failures="0" tests="1" name="com.automation.orangehrm.login.NewLogin" time="5.166" errors="0" timestamp="2023-04-03T14:18:48 IST" skipped="0">
  <testcase classname="com.automation.orangehrm.login.NewLogin" name="verify" time="5.166"/>
  <system-out/>
</testsuite> <!-- com.automation.orangehrm.login.NewLogin -->
