<?xml version="1.0" encoding="UTF-8"?>
<!-- Generated by org.testng.reporters.JUnitReportReporter -->
<testsuite hostname="LAPTOP-FG3T3EU0" failures="0" tests="2" name="com.automation.emptest.EmpTest" time="57.043" errors="0" timestamp="2023-03-24T14:40:31 IST" skipped="0">
  <testcase classname="com.automation.emptest.EmpTest" name="login" time="41.822"/>
  <system-out/>
  <testcase classname="com.automation.emptest.EmpTest" name="login1" time="15.221"/>
  <system-out/>
</testsuite> <!-- com.automation.emptest.EmpTest -->
