<?xml version="1.0" encoding="UTF-8"?>
<!-- Generated by org.testng.reporters.JUnitReportReporter -->
<testsuite hostname="LAPTOP-FG3T3EU0" failures="0" tests="1" name="com.automation.orangehrm.login.AdminModuleTest" time="28.967" errors="0" timestamp="2023-04-01T13:38:36 IST" skipped="0">
  <testcase classname="com.automation.orangehrm.login.AdminModuleTest" name="verifyModule" time="28.967"/>
  <system-out/>
</testsuite> <!-- com.automation.orangehrm.login.AdminModuleTest -->
