<?xml version="1.0" encoding="UTF-8"?>
<!-- Generated by org.testng.reporters.JUnitReportReporter -->
<testsuite hostname="LAPTOP-FG3T3EU0" failures="0" tests="2" name="com.automationdataprovider.Test1" time="0.014" errors="0" timestamp="2023-03-17T06:27:03 IST" skipped="0">
  <testcase classname="com.automationdataprovider.Test1" name="f" time="0.004"/>
  <system-out/>
  <testcase classname="com.automationdataprovider.Test1" name="f" time="0.010"/>
  <system-out/>
</testsuite> <!-- com.automationdataprovider.Test1 -->
