<?xml version="1.0" encoding="UTF-8"?>
<!-- Generated by org.testng.reporters.JUnitReportReporter -->
<testsuite hostname="LAPTOP-FG3T3EU0" failures="0" tests="1" name="com.automation.orangehrm.login.Location" time="11.962" errors="0" timestamp="2023-04-01T10:50:49 IST" skipped="0">
  <testcase classname="com.automation.orangehrm.login.Location" name="verifyLocatioon" time="11.962"/>
  <system-out/>
</testsuite> <!-- com.automation.orangehrm.login.Location -->
