<?xml version="1.0" encoding="UTF-8"?>
<!-- Generated by org.testng.reporters.JUnitReportReporter -->
<testsuite hostname="LAPTOP-FG3T3EU0" failures="0" tests="1" name="com.automation.demopractice.NewTest2" time="0.008" errors="0" timestamp="2023-03-14T22:46:28 IST" skipped="0">
  <testcase classname="com.automation.demopractice.NewTest2" name="f" time="0.008"/>
  <system-out/>
</testsuite> <!-- com.automation.demopractice.NewTest2 -->
