<?xml version="1.0" encoding="UTF-8"?>
<!-- Generated by org.testng.reporters.JUnitReportReporter -->
<testsuite hostname="LAPTOP-FG3T3EU0" failures="0" tests="1" name="com.automation.orangehrm.login.JobSubModuleTest" time="22.770" errors="0" timestamp="2023-03-30T16:25:50 IST" skipped="0">
  <testcase classname="com.automation.orangehrm.login.JobSubModuleTest" name="verifyJobModule" time="22.770"/>
  <system-out/>
</testsuite> <!-- com.automation.orangehrm.login.JobSubModuleTest -->
