<?xml version="1.0" encoding="UTF-8"?>
<!-- Generated by org.testng.reporters.JUnitReportReporter -->
<testsuite hostname="LAPTOP-FG3T3EU0" failures="0" tests="3" name="com.automation.orangehrm.login.JobSubModule2" time="14.862" errors="0" timestamp="2023-03-31T16:58:11 IST" skipped="0">
  <testcase classname="com.automation.orangehrm.login.JobSubModule2" name="verifyGrade" time="5.513"/>
  <system-out/>
  <testcase classname="com.automation.orangehrm.login.JobSubModule2" name="employeeStatus" time="3.018"/>
  <system-out/>
  <testcase classname="com.automation.orangehrm.login.JobSubModule2" name="jobCat" time="6.331"/>
  <system-out/>
</testsuite> <!-- com.automation.orangehrm.login.JobSubModule2 -->
