<?xml version="1.0" encoding="UTF-8"?>
<!-- Generated by org.testng.reporters.JUnitReportReporter -->
<testsuite hostname="LAPTOP-FG3T3EU0" failures="0" tests="4" name="com.practice.EnableAttribute" time="0.019" errors="0" timestamp="2023-04-05T11:59:28 IST" skipped="0">
  <testcase classname="com.practice.EnableAttribute" name="test" time="0.009"/>
  <system-out/>
  <testcase classname="com.practice.EnableAttribute" name="test1" time="0.004"/>
  <system-out/>
  <testcase classname="com.practice.EnableAttribute" name="test2" time="0.002"/>
  <system-out/>
  <testcase classname="com.practice.EnableAttribute" name="test3" time="0.004"/>
  <system-out/>
</testsuite> <!-- com.practice.EnableAttribute -->
