<?xml version="1.0" encoding="UTF-8"?>
<!-- Generated by org.testng.reporters.JUnitReportReporter -->
<testsuite hostname="LAPTOP-FG3T3EU0" failures="0" tests="1" name="com.automation.orangehrm.login.Structure" time="1.715" errors="0" timestamp="2023-04-02T09:39:23 IST" skipped="0">
  <testcase classname="com.automation.orangehrm.login.Structure" name="verifyTheStructure" time="1.715"/>
  <system-out/>
</testsuite> <!-- com.automation.orangehrm.login.Structure -->
