<?xml version="1.0" encoding="UTF-8"?>
<!-- Generated by org.testng.reporters.JUnitReportReporter -->
<testsuite hostname="LAPTOP-FG3T3EU0" failures="0" tests="2" name="com.practicegroupannotation.Sample2" time="0.004" errors="0" timestamp="2023-03-16T13:07:15 IST" skipped="0">
  <testcase classname="com.practicegroupannotation.Sample2" name="s" time="0.002"/>
  <system-out/>
  <testcase classname="com.practicegroupannotation.Sample2" name="s1" time="0.002"/>
  <system-out/>
</testsuite> <!-- com.practicegroupannotation.Sample2 -->
