<?xml version="1.0" encoding="UTF-8"?>
<!-- Generated by org.testng.reporters.JUnitReportReporter -->
<testsuite hostname="LAPTOP-FG3T3EU0" failures="0" tests="1" name="com.automation.parameter.NewTest1" time="0.163" errors="0" timestamp="2023-03-16T19:46:11 IST" skipped="0">
  <testcase classname="com.automation.parameter.NewTest1" name="Login" time="0.163"/>
  <system-out/>
</testsuite> <!-- com.automation.parameter.NewTest1 -->
