<?xml version="1.0" encoding="UTF-8"?>
<!-- Generated by org.testng.reporters.JUnitReportReporter -->
<testsuite hostname="LAPTOP-FG3T3EU0" failures="0" tests="3" name="com.practicegroupannotation.Sample1" time="0.027" errors="0" timestamp="2023-03-16T13:07:15 IST" skipped="0">
  <testcase classname="com.practicegroupannotation.Sample1" name="test1" time="0.017"/>
  <system-out/>
  <testcase classname="com.practicegroupannotation.Sample1" name="test3" time="0.007"/>
  <system-out/>
  <testcase classname="com.practicegroupannotation.Sample1" name="test2" time="0.003"/>
  <system-out/>
</testsuite> <!-- com.practicegroupannotation.Sample1 -->
