<?xml version="1.0" encoding="UTF-8"?>
<!-- Generated by org.testng.reporters.JUnitReportReporter -->
<testsuite hostname="LAPTOP-FG3T3EU0" failures="0" tests="1" name="com.icehrm.automation.login.EmployeeTest1" time="4.853" errors="0" timestamp="2023-03-27T12:02:49 IST" skipped="0">
  <testcase classname="com.icehrm.automation.login.EmployeeTest1" name="verifyEmpl" time="4.853"/>
  <system-out/>
</testsuite> <!-- com.icehrm.automation.login.EmployeeTest1 -->
